<?xml version="1.0" encoding="UTF-8" standalone="no"?>
<!DOCTYPE log SYSTEM "logger.dtd">
<log>
<record>
  <date>2023-12-10T18:23:37.746473078Z</date>
  <millis>1702232617746</millis>
  <nanos>473078</nanos>
  <sequence>0</sequence>
  <logger>be.kdg.model.FootballStadium</logger>
  <level>SEVERE</level>
  <class>be.kdg.model.FootballStadium</class>
  <method>setName</method>
  <thread>1</thread>
  <message>Stadium name is "empty or null", cannnot be empty</message>
</record>
<record>
  <date>2023-12-10T18:23:37.776866836Z</date>
  <millis>1702232617776</millis>
  <nanos>866836</nanos>
  <sequence>1</sequence>
  <logger>be.kdg.model.FootballStadium</logger>
  <level>SEVERE</level>
  <class>be.kdg.model.FootballStadium</class>
  <method>setCity</method>
  <thread>1</thread>
  <message>City of stadium of null is configured as , it cannot be null or empty</message>
</record>
<record>
  <date>2023-12-10T18:23:37.777287760Z</date>
  <millis>1702232617777</millis>
  <nanos>287760</nanos>
  <sequence>2</sequence>
  <logger>be.kdg.model.FootballStadium</logger>
  <level>SEVERE</level>
  <class>be.kdg.model.FootballStadium</class>
  <method>setOpened</method>
  <thread>1</thread>
  <message>Stadium opening date is configured as 2024-09-24 for TestStadium, cannot in the future</message>
</record>
<record>
  <date>2023-12-10T18:23:37.781157788Z</date>
  <millis>1702232617781</millis>
  <nanos>157788</nanos>
  <sequence>3</sequence>
  <logger>be.kdg.model.FootballStadium</logger>
  <level>SEVERE</level>
  <class>be.kdg.model.FootballStadium</class>
  <method>setCost</method>
  <thread>1</thread>
  <message>Stadium cost 0.0 cannot be negative or larger than 1 million for stadium with name: empty string</message>
</record>
<record>
  <date>2023-12-10T18:23:37.788731417Z</date>
  <millis>1702232617788</millis>
  <nanos>731417</nanos>
  <sequence>4</sequence>
  <logger>be.kdg.model.FootballStadium</logger>
  <level>SEVERE</level>
  <class>be.kdg.model.FootballStadium</class>
  <method>setCapacity</method>
  <thread>1</thread>
  <message>Stadium capacity 10000000 of TestStadium, annot be negative or larger than 1 million
</message>
</record>
<record>
  <date>2023-12-10T18:23:37.791111345Z</date>
  <millis>1702232617791</millis>
  <nanos>111345</nanos>
  <sequence>5</sequence>
  <logger>be.kdg.model.FootballStadiums</logger>
  <level>FINER</level>
  <class>be.kdg.model.FootballStadiums</class>
  <method>add</method>
  <thread>1</thread>
  <message>Added: Camp Nou                       City: Barcelona        Opened:1957-09-24      Roof:OPEN                      Cost:€ 1730000000.0 s  Capacity:99354          </message>
</record>
<record>
  <date>2023-12-10T18:23:37.791650997Z</date>
  <millis>1702232617791</millis>
  <nanos>650997</nanos>
  <sequence>6</sequence>
  <logger>be.kdg.model.FootballStadiums</logger>
  <level>FINER</level>
  <class>be.kdg.model.FootballStadiums</class>
  <method>add</method>
  <thread>1</thread>
  <message>Added: Wembley Stadium                City: London           Opened:2007-03-09      Roof:PARTIALLYRETRACTABLE      Cost:€ 922130000.0  s  Capacity:90000          </message>
</record>
<record>
  <date>2023-12-10T18:23:37.792220400Z</date>
  <millis>1702232617792</millis>
  <nanos>220400</nanos>
  <sequence>7</sequence>
  <logger>be.kdg.model.FootballStadiums</logger>
  <level>FINER</level>
  <class>be.kdg.model.FootballStadiums</class>
  <method>add</method>
  <thread>1</thread>
  <message>Added: Santiago Bernabéu              City: Madrid           Opened:1957-09-09      Roof:RETRACTABLE               Cost:€ 893000000.0  s  Capacity:81044          </message>
</record>
<record>
  <date>2023-12-10T18:23:37.792721989Z</date>
  <millis>1702232617792</millis>
  <nanos>721989</nanos>
  <sequence>8</sequence>
  <logger>be.kdg.model.FootballStadiums</logger>
  <level>FINER</level>
  <class>be.kdg.model.FootballStadiums</class>
  <method>add</method>
  <thread>1</thread>
  <message>Added: Croke Park                     City: Dublin           Opened:1884-01-01      Roof:OPEN                      Cost:€ 260000000.0  s  Capacity:82300          </message>
</record>
<record>
  <date>2023-12-10T18:23:37.793309341Z</date>
  <millis>1702232617793</millis>
  <nanos>309341</nanos>
  <sequence>9</sequence>
  <logger>be.kdg.model.FootballStadiums</logger>
  <level>FINER</level>
  <class>be.kdg.model.FootballStadiums</class>
  <method>remove</method>
  <thread>1</thread>
  <message>Removed: Camp Nou                       City: Barcelona        Opened:1957-09-24      Roof:OPEN                      Cost:€ 1730000000.0 s  Capacity:99354          </message>
</record>
<record>
  <date>2023-12-10T18:23:37.793780829Z</date>
  <millis>1702232617793</millis>
  <nanos>780829</nanos>
  <sequence>10</sequence>
  <logger>be.kdg.model.FootballStadiums</logger>
  <level>FINER</level>
  <class>be.kdg.model.FootballStadiums</class>
  <method>remove</method>
  <thread>1</thread>
  <message>Removed: Santiago Bernabéu              City: Madrid           Opened:1957-09-09      Roof:RETRACTABLE               Cost:€ 893000000.0  s  Capacity:81044          </message>
</record>
</log>
