<?xml version="1.0" encoding="UTF-8" standalone="no"?>
<!DOCTYPE log SYSTEM "logger.dtd">
<log>
<record>
  <date>2023-12-10T18:13:54.165124112Z</date>
  <millis>1702232034165</millis>
  <nanos>124112</nanos>
  <sequence>0</sequence>
  <logger>be.kdg.model.FootballStadium</logger>
  <level>SEVERE</level>
  <class>be.kdg.model.FootballStadium</class>
  <method>setName</method>
  <thread>1</thread>
  <message>Stadium name is "empty or null", cannnot be empty</message>
</record>
<record>
  <date>2023-12-10T18:13:54.197393575Z</date>
  <millis>1702232034197</millis>
  <nanos>393575</nanos>
  <sequence>1</sequence>
  <logger>be.kdg.model.FootballStadium</logger>
  <level>SEVERE</level>
  <class>be.kdg.model.FootballStadium</class>
  <method>setCity</method>
  <thread>1</thread>
  <message>City of stadium of null is configured as , it cannot be null or empty</message>
</record>
<record>
  <date>2023-12-10T18:13:54.197826163Z</date>
  <millis>1702232034197</millis>
  <nanos>826163</nanos>
  <sequence>2</sequence>
  <logger>be.kdg.model.FootballStadium</logger>
  <level>SEVERE</level>
  <class>be.kdg.model.FootballStadium</class>
  <method>setOpened</method>
  <thread>1</thread>
  <message>Stadium opening date is configured as 2024-09-24 for TestStadium, cannot in the future</message>
</record>
<record>
  <date>2023-12-10T18:13:54.201533196Z</date>
  <millis>1702232034201</millis>
  <nanos>533196</nanos>
  <sequence>3</sequence>
  <logger>be.kdg.model.FootballStadium</logger>
  <level>SEVERE</level>
  <class>be.kdg.model.FootballStadium</class>
  <method>setCost</method>
  <thread>1</thread>
  <message>Stadium cost 0.0 cannot be negative or larger than 1 million for stadium with name: empty string</message>
</record>
<record>
  <date>2023-12-10T18:13:54.209790160Z</date>
  <millis>1702232034209</millis>
  <nanos>790160</nanos>
  <sequence>4</sequence>
  <logger>be.kdg.model.FootballStadium</logger>
  <level>SEVERE</level>
  <class>be.kdg.model.FootballStadium</class>
  <method>setCapacity</method>
  <thread>1</thread>
  <message>Stadium capacity 10000000 of TestStadium, annot be negative or larger than 1 million
</message>
</record>
<record>
  <date>2023-12-10T18:13:54.212926181Z</date>
  <millis>1702232034212</millis>
  <nanos>926181</nanos>
  <sequence>5</sequence>
  <logger>be.kdg.model.FootballStadiums</logger>
  <level>FINER</level>
  <class>be.kdg.model.FootballStadiums</class>
  <method>add</method>
  <thread>1</thread>
  <message>Added: Camp Nou                       City: Barcelona        Opened:1957-09-24      Roof:OPEN                      Cost:€ 1730000000.0 s  Capacity:99354          </message>
</record>
<record>
  <date>2023-12-10T18:13:54.213500545Z</date>
  <millis>1702232034213</millis>
  <nanos>500545</nanos>
  <sequence>6</sequence>
  <logger>be.kdg.model.FootballStadiums</logger>
  <level>FINER</level>
  <class>be.kdg.model.FootballStadiums</class>
  <method>add</method>
  <thread>1</thread>
  <message>Added: Wembley Stadium                City: London           Opened:2007-03-09      Roof:PARTIALLYRETRACTABLE      Cost:€ 922130000.0  s  Capacity:90000          </message>
</record>
<record>
  <date>2023-12-10T18:13:54.214012681Z</date>
  <millis>1702232034214</millis>
  <nanos>12681</nanos>
  <sequence>7</sequence>
  <logger>be.kdg.model.FootballStadiums</logger>
  <level>FINER</level>
  <class>be.kdg.model.FootballStadiums</class>
  <method>add</method>
  <thread>1</thread>
  <message>Added: Santiago Bernabéu              City: Madrid           Opened:1957-09-09      Roof:RETRACTABLE               Cost:€ 893000000.0  s  Capacity:81044          </message>
</record>
<record>
  <date>2023-12-10T18:13:54.214474393Z</date>
  <millis>1702232034214</millis>
  <nanos>474393</nanos>
  <sequence>8</sequence>
  <logger>be.kdg.model.FootballStadiums</logger>
  <level>FINER</level>
  <class>be.kdg.model.FootballStadiums</class>
  <method>add</method>
  <thread>1</thread>
  <message>Added: Croke Park                     City: Dublin           Opened:1884-01-01      Roof:OPEN                      Cost:€ 260000000.0  s  Capacity:82300          </message>
</record>
<record>
  <date>2023-12-10T18:13:54.215057556Z</date>
  <millis>1702232034215</millis>
  <nanos>57556</nanos>
  <sequence>9</sequence>
  <logger>be.kdg.model.FootballStadiums</logger>
  <level>FINER</level>
  <class>be.kdg.model.FootballStadiums</class>
  <method>remove</method>
  <thread>1</thread>
  <message>Removed: Camp Nou                       City: Barcelona        Opened:1957-09-24      Roof:OPEN                      Cost:€ 1730000000.0 s  Capacity:99354          </message>
</record>
<record>
  <date>2023-12-10T18:13:54.215525623Z</date>
  <millis>1702232034215</millis>
  <nanos>525623</nanos>
  <sequence>10</sequence>
  <logger>be.kdg.model.FootballStadiums</logger>
  <level>FINER</level>
  <class>be.kdg.model.FootballStadiums</class>
  <method>remove</method>
  <thread>1</thread>
  <message>Removed: Santiago Bernabéu              City: Madrid           Opened:1957-09-09      Roof:RETRACTABLE               Cost:€ 893000000.0  s  Capacity:81044          </message>
</record>
</log>
